[BLH][21422412][2021-01-03 20:13:37,993][MainThread/INFO]: 房间信息成功更新
[BLH][21422412][2021-01-03 20:13:38,202][MainThread/INFO]: 房间信息成功更新
[BLH][21422412][2021-01-03 20:13:38,202][MainThread/INFO]: BlhThread 启动, 房间地址: https://live.bilibili.com/21422412, 状态: 未开播
[BLH][21422412][2021-01-03 20:13:38,425][MainThread/INFO]: ws连接创建, 已连接
[BLH][21422412][2021-01-03 20:13:38,425][21422412-NetworkingThread/INFO]: 网络线程启动
[BLH][21422412][2021-01-03 20:13:38,425][21422412-HeartBeat/INFO]: 心跳循环开始
[BLH][21422412][2021-01-03 20:13:38,426][21422412-CallBackThread/INFO]: 回调任务线程启动
[BLH][21422412][2021-01-03 20:13:38,431][BlhThread 21422412/DEBUG]: 事件循环开始
[BLH][21422412][2021-01-03 20:13:38,431][21422412-NetworkingThread/DEBUG]: b'\x00\x00\x00f\x00\x10\x00\x01\x00\x00\x00\x07\x00\x00\x00\x01{"uid": 0, "roomid": 21422412, "protover": 1, "platform": "web", "clientver": "1.4.0"}'
[BLH][21422412][2021-01-03 20:13:38,485][21422412-NetworkingThread/DEBUG]: b'\x00\x00\x00\x12\x00\x10\x00\x01\x00\x00\x00\x02\x00\x00\x00\x01{}'
[BLH][21422412][2021-01-03 20:13:38,537][21422412-CallBackThread/INFO]: 人气值: 1
[BLH][21422412][2021-01-03 20:13:43,363][BlhThread 21422412/INFO]: 事件循环结束
[BLH][21422412][2021-01-03 20:13:43,449][21422412-HeartBeat/DEBUG]: 心跳包已发送
[BLH][21422412][2021-01-03 20:13:43,449][21422412-HeartBeat/INFO]: 心跳循环结束
[BLH][21422412][2021-01-03 20:13:53,278][MainThread/INFO]: ws连接关闭
[BLH][21422412][2021-01-03 20:26:44,935][MainThread/INFO]: 房间信息成功更新
[BLH][21422412][2021-01-03 20:26:45,162][MainThread/INFO]: 房间信息成功更新
[BLH][21422412][2021-01-03 20:26:45,162][MainThread/INFO]: BlhThread 启动, 房间地址: https://live.bilibili.com/21422412, 状态: 未开播
[BLH][21422412][2021-01-03 20:26:45,403][MainThread/INFO]: ws连接创建, 已连接
[BLH][21422412][2021-01-03 20:26:45,403][21422412-NetworkingThread/INFO]: 网络线程启动
[BLH][21422412][2021-01-03 20:26:45,403][BlhThread 21422412/DEBUG]: 事件循环开始
[BLH][21422412][2021-01-03 20:26:45,403][21422412-HeartBeat/INFO]: 心跳循环开始
[BLH][21422412][2021-01-03 20:26:45,403][21422412-CallBackThread/INFO]: 回调任务线程启动
[BLH][21422412][2021-01-03 20:26:45,403][21422412-NetworkingThread/DEBUG]: b'\x00\x00\x00f\x00\x10\x00\x01\x00\x00\x00\x07\x00\x00\x00\x01{"uid": 0, "roomid": 21422412, "protover": 1, "platform": "web", "clientver": "1.4.0"}'
[BLH][21422412][2021-01-03 20:26:45,484][21422412-NetworkingThread/DEBUG]: b'\x00\x00\x00\x12\x00\x10\x00\x01\x00\x00\x00\x02\x00\x00\x00\x01{}'
[BLH][21422412][2021-01-03 20:26:45,538][21422412-CallBackThread/INFO]: 人气值: 1
[BLH][21422412][2021-01-03 20:26:46,847][BlhThread 21422412/INFO]: 事件循环结束
[BLH][21422412][2021-01-03 20:26:46,914][21422412-HeartBeat/DEBUG]: 心跳包已发送
[BLH][21422412][2021-01-03 20:26:46,914][21422412-HeartBeat/INFO]: 心跳循环结束
[BLH][21422412][2021-01-03 20:26:56,749][MainThread/INFO]: ws连接关闭
